TN:
SF:src/NoteEaseList.ts
FN:1,(empty-report)
FNF:1
FNH:0
FNDA:0,(empty-report)
DA:1,0
DA:2,0
DA:3,0
DA:4,0
DA:5,0
DA:6,0
DA:7,0
DA:8,0
DA:9,0
DA:10,0
DA:11,0
DA:12,0
DA:13,0
DA:14,0
DA:15,0
DA:16,0
DA:17,0
DA:18,0
DA:19,0
DA:20,0
DA:21,0
DA:22,0
DA:23,0
DA:24,0
DA:25,0
DA:26,0
DA:27,0
DA:28,0
DA:29,0
DA:30,0
DA:31,0
DA:32,0
DA:33,0
DA:34,0
DA:35,0
DA:36,0
LF:36
LH:0
BRDA:1,0,0,0
BRF:1
BRH:0
end_of_record
TN:
SF:src/NoteFileLoader.ts
FN:1,(empty-report)
FNF:1
FNH:0
FNDA:0,(empty-report)
DA:1,0
DA:2,0
DA:3,0
DA:4,0
DA:5,0
DA:6,0
DA:7,0
DA:8,0
DA:9,0
DA:10,0
DA:11,0
DA:12,0
DA:13,0
DA:14,0
DA:15,0
DA:16,0
DA:17,0
DA:18,0
DA:19,0
DA:20,0
DA:21,0
DA:22,0
DA:23,0
DA:24,0
DA:25,0
DA:26,0
DA:27,0
DA:28,0
DA:29,0
DA:30,0
DA:31,0
DA:32,0
LF:32
LH:0
BRDA:1,0,0,0
BRF:1
BRH:0
end_of_record
TN:
SF:src/NoteParser.ts
FN:1,(empty-report)
FNF:1
FNH:0
FNDA:0,(empty-report)
DA:1,0
DA:2,0
DA:3,0
DA:4,0
DA:5,0
DA:6,0
DA:7,0
DA:8,0
DA:9,0
DA:10,0
DA:11,0
DA:12,0
DA:13,0
DA:14,0
DA:15,0
DA:16,0
DA:17,0
DA:18,0
DA:19,0
DA:20,0
DA:21,0
DA:22,0
DA:23,0
DA:24,0
DA:25,0
DA:26,0
DA:27,0
LF:27
LH:0
BRDA:1,0,0,0
BRF:1
BRH:0
end_of_record
TN:
SF:src/NoteQuestionParser.ts
FN:1,(empty-report)
FNF:1
FNH:0
FNDA:0,(empty-report)
DA:1,0
DA:2,0
DA:3,0
DA:4,0
DA:5,0
DA:6,0
DA:7,0
DA:8,0
DA:9,0
DA:10,0
DA:11,0
DA:12,0
DA:13,0
DA:14,0
DA:15,0
DA:16,0
DA:17,0
DA:18,0
DA:19,0
DA:20,0
DA:21,0
DA:22,0
DA:23,0
DA:24,0
DA:25,0
DA:26,0
DA:27,0
DA:28,0
DA:29,0
DA:30,0
DA:31,0
DA:32,0
DA:33,0
DA:34,0
DA:35,0
DA:36,0
DA:37,0
DA:38,0
DA:39,0
DA:40,0
DA:41,0
DA:42,0
DA:43,0
DA:44,0
DA:45,0
DA:46,0
DA:47,0
DA:48,0
DA:49,0
DA:50,0
DA:51,0
DA:52,0
DA:53,0
DA:54,0
DA:55,0
DA:56,0
DA:57,0
DA:58,0
DA:59,0
DA:60,0
DA:61,0
DA:62,0
DA:63,0
DA:64,0
DA:65,0
DA:66,0
DA:67,0
DA:68,0
DA:69,0
DA:70,0
DA:71,0
DA:72,0
DA:73,0
DA:74,0
DA:75,0
DA:76,0
DA:77,0
DA:78,0
DA:79,0
DA:80,0
DA:81,0
DA:82,0
DA:83,0
DA:84,0
DA:85,0
DA:86,0
DA:87,0
DA:88,0
DA:89,0
DA:90,0
DA:91,0
DA:92,0
DA:93,0
DA:94,0
DA:95,0
DA:96,0
DA:97,0
DA:98,0
DA:99,0
DA:100,0
DA:101,0
DA:102,0
DA:103,0
DA:104,0
DA:105,0
DA:106,0
DA:107,0
DA:108,0
DA:109,0
DA:110,0
DA:111,0
DA:112,0
DA:113,0
DA:114,0
DA:115,0
DA:116,0
DA:117,0
DA:118,0
DA:119,0
DA:120,0
DA:121,0
DA:122,0
DA:123,0
DA:124,0
DA:125,0
DA:126,0
DA:127,0
DA:128,0
DA:129,0
DA:130,0
DA:131,0
DA:132,0
DA:133,0
DA:134,0
DA:135,0
DA:136,0
DA:137,0
DA:138,0
DA:139,0
DA:140,0
DA:141,0
DA:142,0
DA:143,0
DA:144,0
DA:145,0
DA:146,0
DA:147,0
DA:148,0
DA:149,0
DA:150,0
DA:151,0
DA:152,0
DA:153,0
DA:154,0
DA:155,0
DA:156,0
DA:157,0
DA:158,0
DA:159,0
DA:160,0
DA:161,0
DA:162,0
DA:163,0
DA:164,0
DA:165,0
DA:166,0
DA:167,0
DA:168,0
DA:169,0
DA:170,0
DA:171,0
DA:172,0
DA:173,0
DA:174,0
DA:175,0
DA:176,0
DA:177,0
DA:178,0
DA:179,0
DA:180,0
DA:181,0
DA:182,0
DA:183,0
DA:184,0
DA:185,0
DA:186,0
DA:187,0
DA:188,0
DA:189,0
DA:190,0
DA:191,0
DA:192,0
DA:193,0
DA:194,0
DA:195,0
DA:196,0
DA:197,0
DA:198,0
DA:199,0
DA:200,0
DA:201,0
DA:202,0
LF:202
LH:0
BRDA:1,0,0,0
BRF:1
BRH:0
end_of_record
TN:
SF:src/parser.ts
FN:13,parse
FNF:1
FNH:1
FNDA:48,parse
DA:1,1
DA:2,1
DA:3,1
DA:4,1
DA:5,1
DA:6,1
DA:7,1
DA:8,1
DA:9,1
DA:10,1
DA:11,1
DA:12,1
DA:13,48
DA:14,48
DA:15,48
DA:16,48
DA:17,48
DA:18,48
DA:19,48
DA:20,48
DA:21,48
DA:22,48
DA:23,48
DA:24,48
DA:25,48
DA:26,48
DA:27,48
DA:28,48
DA:29,48
DA:30,143
DA:31,143
DA:32,17
DA:33,9
DA:34,9
DA:35,9
DA:36,17
DA:37,17
DA:38,17
DA:39,143
DA:40,126
DA:41,8
DA:42,126
DA:43,4
DA:44,4
DA:45,4
DA:46,4
DA:47,122
DA:48,143
DA:49,61
DA:50,61
DA:51,122
DA:52,122
DA:53,122
DA:54,122
DA:55,118
DA:56,143
DA:57,12
DA:58,12
DA:59,12
DA:60,12
DA:61,12
DA:62,12
DA:63,1
DA:64,1
DA:65,1
DA:66,12
DA:67,12
DA:68,12
DA:69,143
DA:70,110
DA:71,80
DA:72,72
DA:73,80
DA:74,80
DA:75,110
DA:76,14
DA:77,14
DA:78,110
DA:79,12
DA:80,12
DA:81,96
DA:82,6
DA:83,6
DA:84,84
DA:85,78
DA:86,75
DA:87,78
DA:88,3
DA:89,3
DA:90,3
DA:91,3
DA:92,3
DA:93,21
DA:94,3
DA:95,18
DA:96,18
DA:97,18
DA:98,3
DA:99,3
DA:100,3
DA:101,3
DA:102,143
DA:103,48
DA:104,48
DA:105,23
DA:106,23
DA:107,48
DA:108,48
DA:109,48
LF:109
LH:109
BRDA:13,0,0,48
BRDA:29,1,0,143
BRDA:31,2,0,17
BRDA:32,3,0,9
BRDA:39,4,0,126
BRDA:40,5,0,8
BRDA:42,6,0,4
BRDA:43,7,0,9
BRDA:43,8,0,9
BRDA:47,9,0,122
BRDA:48,10,0,61
BRDA:51,11,0,122
BRDA:54,12,0,118
BRDA:56,13,0,12
BRDA:58,14,0,4
BRDA:59,15,0,8
BRDA:62,16,0,4
BRDA:62,17,0,1
BRDA:69,18,0,110
BRDA:70,19,0,80
BRDA:71,20,0,79
BRDA:71,21,0,72
BRDA:72,22,0,71
BRDA:73,23,0,66
BRDA:74,24,0,64
BRDA:75,25,0,14
BRDA:78,26,0,96
BRDA:78,27,0,12
BRDA:81,28,0,84
BRDA:81,29,0,6
BRDA:84,30,0,78
BRDA:85,31,0,75
BRDA:87,32,0,3
BRDA:92,33,0,21
BRDA:94,34,0,18
BRDA:104,35,0,23
BRDA:104,36,0,23
BRF:37
BRH:37
end_of_record
TN:
SF:src/scheduling.ts
FN:13,schedule
FN:82,textInterval
FNF:2
FNH:2
FNDA:10,schedule
FNDA:9,textInterval
DA:1,1
DA:2,1
DA:3,1
DA:4,1
DA:5,1
DA:6,1
DA:7,1
DA:8,1
DA:9,1
DA:10,1
DA:11,1
DA:12,1
DA:13,10
DA:14,10
DA:15,10
DA:16,10
DA:17,10
DA:18,10
DA:19,10
DA:20,10
DA:21,10
DA:22,10
DA:23,10
DA:24,10
DA:25,10
DA:26,10
DA:27,2
DA:28,2
DA:29,2
DA:30,10
DA:31,6
DA:32,8
DA:33,2
DA:34,2
DA:35,2
DA:36,2
DA:37,2
DA:38,2
DA:39,2
DA:40,10
DA:41,10
DA:42,10
DA:43,10
DA:44,10
DA:45,6
DA:46,10
DA:47,4
DA:48,4
DA:49,3
DA:50,3
DA:51,2
DA:52,2
DA:53,1
DA:54,3
DA:55,3
DA:56,3
DA:57,6
DA:58,6
DA:59,6
DA:60,6
DA:61,10
DA:62,10
DA:63,10
DA:64,2
DA:65,2
DA:66,2
DA:67,2
DA:68,10
DA:69,10
DA:70,4
DA:71,3
DA:72,4
DA:73,10
DA:74,10
DA:75,10
DA:76,10
DA:77,10
DA:78,10
DA:79,10
DA:80,10
DA:81,1
DA:82,9
DA:83,9
DA:84,9
DA:85,9
DA:86,9
DA:87,1
DA:88,1
DA:89,8
DA:90,8
DA:91,8
DA:92,8
DA:93,9
DA:94,4
DA:95,3
DA:96,2
DA:97,4
DA:98,4
DA:99,3
DA:100,2
DA:101,4
DA:102,9
LF:102
LH:102
BRDA:4,0,0,1
BRDA:13,1,0,10
BRDA:26,2,0,2
BRDA:30,3,0,8
BRDA:30,4,0,6
BRDA:32,5,0,2
BRDA:44,6,0,6
BRDA:46,7,0,4
BRDA:48,8,0,3
BRDA:50,9,0,1
BRDA:51,10,0,2
BRDA:52,11,0,1
BRDA:56,12,0,6
BRDA:60,13,0,10
BRDA:63,14,0,2
BRDA:68,15,0,8
BRDA:68,16,0,2
BRDA:70,17,0,4
BRDA:82,18,0,9
BRDA:86,19,0,1
BRDA:89,20,0,8
BRDA:93,21,0,4
BRDA:94,22,0,1
BRDA:95,23,0,3
BRDA:95,24,0,1
BRDA:96,25,0,2
BRDA:98,26,0,1
BRDA:99,27,0,3
BRDA:99,28,0,1
BRDA:100,29,0,2
BRF:30
BRH:30
end_of_record
TN:
SF:src/lang/helpers.ts
FN:13,interpolate
FN:19,t
FNF:2
FNH:2
FNDA:8,interpolate
FNDA:15,t
DA:1,1
DA:2,1
DA:3,1
DA:4,1
DA:5,1
DA:6,1
DA:7,1
DA:8,1
DA:9,1
DA:10,1
DA:11,1
DA:12,1
DA:13,8
DA:14,8
DA:15,8
DA:16,8
DA:17,8
DA:18,1
DA:19,15
DA:20,15
DA:21,15
DA:22,15
DA:23,15
DA:24,0
DA:25,0
DA:26,15
DA:27,15
DA:28,15
DA:29,15
DA:30,8
DA:31,8
DA:32,7
DA:33,7
DA:34,7
LF:34
LH:32
BRDA:13,0,0,8
BRDA:19,1,0,15
BRDA:23,2,0,0
BRDA:27,3,0,0
BRDA:29,4,0,8
BRDA:32,5,0,7
BRF:6
BRH:4
end_of_record
